-0.0831002   -0.204176   0.0261818
0.0684321   -0.225614   0.141875
0.431769   -0.437786   0.278857
0.36089   -0.129145   -0.499973
-0.0259124   -0.046295   -0.482927
0.419897   0.31429   -0.479034
-0.348695   -0.257948   -0.432327
-0.464825   -0.0885318   -0.381898
-0.0156474   -0.0576742   -0.279577
0.130839   0.0351786   -0.144275
-0.243818   0.131121   -0.238648
0.234826   0.395944   0.171321
0.244553   -0.347014   0.235495
0.10146   0.45114   -0.431584
0.318546   0.438916   -0.276078
-0.210308   0.430943   0.0809997
-0.109868   -0.430227   0.011517
-0.168264   0.098827   0.49986
0.373947   0.182947   0.175452
0.270641   0.156536   0.377067
0.118979   -0.398339   0.0296592
0.255542   0.203546   -0.209798
0.229188   -0.22989   0.412497
-0.111856   0.0136707   0.329507
-0.266234   -0.447891   -0.462721
0.0517642   0.218114   -0.109802
0.0366576   -0.010171   0.0342832
-0.130653   0.241067   0.295386
-0.44939   -0.0588366   0.400485
0.450588   -0.476039   -0.0316592
-0.00548485   -0.236804   0.429028
-0.256927   -0.0909354   0.460094
0.22134   -0.0411389   0.0588114
0.358616   -0.00903469   0.272034
-0.398524   -0.262223   0.238476
-0.00395676   0.352415   0.403636
0.00646827   -0.486225   0.218086
-0.411777   0.486346   0.158117
0.244124   0.438698   -0.0372534
-0.382572   0.0672932   -0.047618
0.209186   -0.410223   -0.172485
-0.459916   0.273354   -0.256861
0.0260835   -0.260447   -0.175476
0.113603   -0.419684   0.375886
-0.165351   0.0096645   -0.0910491
0.262919   -0.391267   -0.373953
-0.346196   -0.43908   -0.0311338
0.49257   0.383872   0.345207
0.394261   0.105139   -0.407997
-0.311686   0.105712   0.358066
-0.293485   -0.145567   0.0256099
-0.183213   -0.144797   -0.36538
-0.356625   -0.44966   0.345784
-0.48019   0.0711344   -0.231557
-0.218257   0.0759178   0.147519
-0.167559   -0.348236   -0.301398
0.435542   -0.305078   -0.358479
-0.11729   0.411768   -0.378948
0.432072   -0.0489172   0.0973373
0.282076   -0.24562   0.0684238
-0.012993   0.384791   0.0384589
0.219476   0.287314   -0.426594
0.0667741   -0.337075   -0.414737
0.0628409   0.169337   0.416048
0.160157   -0.169   -0.0783969
-0.343207   0.351809   -0.0657814
-0.36705   -0.334021   -0.228649
0.367028   -0.193826   0.231905
-0.43811   0.453705   -0.463726
0.0426596   -0.100334   0.299703
-0.261913   -0.360102   0.145598
-0.361278   0.21174   -0.490355
-0.235797   0.363549   0.46407
-0.219477   -0.170782   0.226814
0.347061   0.0713922   -0.0761355
0.379863   -0.470406   0.471394
-0.333975   0.28389   0.300123
0.194863   -0.162236   -0.288817
0.494735   -0.26565   0.423958
-0.185856   0.204176   -0.0160319
0.418923   0.310713   -0.09373
0.0267024   0.459156   -0.207954
-0.0820885   -0.318413   0.236694
-0.299617   0.0251387   -0.3839
0.432901   0.378568   0.125353
-0.0945782   -0.454198   0.449727
0.492061   0.138153   0.371415
0.166565   0.0389224   0.218562
0.488251   -0.29134   0.0864226
-0.484296   -0.492723   -0.255549
0.0100489   0.175179   -0.37235
0.147624   0.0130446   -0.386657
-0.0167527   0.166924   0.0999938
-0.160942   0.41831   -0.110104
0.244623   0.38276   0.395573
0.207315   -0.0386881   0.422214
0.372461   -0.27081   -0.182625
-0.168522   0.47024   0.285038
-0.386594   -0.062944   0.21119
-0.216463   -0.275769   0.380973
-0.484931   -0.137083   -0.0756429
0.363106   -0.0471082   -0.27169
-0.196173   -0.289912   -0.111009
-0.308667   -0.0966595   -0.201221
-0.4453   0.21386   0.0605098
0.20061   0.161022   0.044063
0.117268   0.252306   0.237266
-0.308442   0.440329   -0.254515
