-0.414267   -0.0767659   0.349095
-0.402167   -0.237529   -0.333042
-0.436667   0.268278   -0.128396
0.0359952   -0.375065   0.000166154
-0.0911466   -0.204102   -0.389725
-0.220669   -0.0779218   0.233254
-0.0500441   0.214149   -0.06026
-0.217231   0.417495   0.181726
-0.181569   0.375169   -0.405112
-0.420399   0.454072   0.478607
0.312921   0.0744959   -0.0253284
0.199007   0.124353   -0.283048
-0.372043   -0.377049   0.123326
-0.0453239   0.372168   -0.252337
-0.413319   0.12617   -0.355678
0.148899   0.299778   -0.145295
0.415972   -0.365277   -0.11428
-0.210242   0.191174   -0.434819
-0.16   -0.404195   0.0344444
-0.256939   0.227252   -0.0110832
-0.122082   -0.292152   -0.213186
-0.00697894   0.473905   0.238851
-0.406137   -0.032494   -0.244517
0.3148   0.280336   -0.041719
0.402033   0.276873   -0.249869
-0.396788   0.13695   0.237953
0.0261178   -0.328627   0.258138
-0.363756   0.2261   0.412628
-0.227673   0.324245   -0.208404
-0.27453   -0.132366   -0.0201448
0.423834   -0.337233   -0.350119
-0.261509   -0.409023   -0.477784
0.0555325   0.36021   0.42692
-0.27737   -0.185442   0.497091
-0.466102   -0.0647425   -0.0377984
0.459471   -0.422844   0.205779
0.402017   0.0318881   0.360682
-0.00917656   0.247588   -0.426582
-0.403829   0.351362   -0.332954
-0.316691   -0.263043   0.326923
-0.149394   0.0185367   -0.0658774
0.291174   0.484385   -0.198752
0.136934   0.447572   -0.363714
-0.329121   -0.420497   -0.277403
0.0400978   0.0660637   -0.472818
0.101783   -0.340653   -0.340208
0.320052   -0.0282851   -0.197548
-0.0158117   0.128283   -0.24354
0.398931   0.0173448   -0.382728
-0.0986407   -0.0890348   0.442056
-0.196606   0.313575   0.372452
0.078783   -0.483595   -0.171784
-0.201653   0.210498   0.186836
0.443159   0.489218   0.025989
0.198953   0.263305   -0.480107
0.0712551   0.274909   0.15353
0.251157   -0.395048   0.48518
-0.417436   0.339317   0.252639
0.283667   -0.00994289   0.180509
0.259896   -0.176412   0.383042
0.00485793   -0.118609   -0.0585634
0.497607   -0.350863   0.406446
-0.15752   -0.47664   -0.163539
-0.0802643   0.158078   0.371731
0.479397   4.01325e-05   0.159122
0.3431   0.421703   -0.37685
0.448745   0.232503   -0.478724
0.106146   -0.0181874   0.0891071
0.00298724   0.433876   -0.00180799
0.0620191   -0.409806   0.457685
0.261015   -0.344076   0.260761
0.264102   -0.191332   -0.336006
-0.0443525   0.0895792   0.200019
0.184849   -0.276969   -0.152457
-0.381432   -0.163771   0.153875
-0.415887   0.298822   0.0619816
0.230619   -0.153131   0.0388747
0.143503   -0.161218   0.234706
0.0861052   -0.198808   0.482929
-0.31301   0.0669785   0.0772589
-0.494132   0.119212   -0.0232093
0.423234   -0.185949   0.0723544
-0.188908   0.00625348   -0.399928
-0.129874   0.482634   0.385626
0.230169   -0.00887311   0.472207
0.0751767   -0.107564   -0.293301
0.421113   -0.190453   0.267616
0.113844   0.178783   0.347518
0.18648   0.482857   0.32021
0.267037   -0.375931   0.047929
-0.283167   0.131048   -0.19397
0.425436   -0.189962   -0.206213
-0.0536468   -0.474156   -0.399165
-0.362516   0.463948   -0.0921311
0.46251   -0.176143   -0.489663
0.115591   0.105984   -0.0725178
-0.402271   -0.0229447   -0.475767
-0.109114   -0.281287   0.419189
0.291746   0.256223   0.348802
0.188545   0.453806   0.0949725
0.388456   0.445364   0.389542
-0.188133   -0.113345   -0.214236
0.418167   0.204508   0.193543
-0.0949915   -0.166952   0.116281
-0.433283   -0.273119   -0.0540188
0.353463   0.410436   0.183244
-0.256632   0.0647951   0.399112
-0.326058   -0.455069   0.317673
