0.12344   -0.231315   0.355043
-0.33133   -0.290422   0.20628
0.432895   -0.200383   -0.258594
0.0779641   0.317712   -0.409969
-0.237421   -0.106614   0.103247
-0.0581362   -0.0415191   -0.179798
-0.204368   -0.136318   0.290578
-0.169394   0.268266   -0.412796
-0.120857   0.172649   0.182738
0.0500778   0.421585   -0.473594
-0.233253   -0.418224   -0.206163
-0.195754   -0.205316   0.221716
0.451168   0.21761   0.209485
-0.15395   -0.298072   -0.373208
-0.433603   -0.216941   0.0721473
-0.0719895   -0.386052   -0.241133
-0.43624   -0.379206   0.0472832
-0.0031843   0.390099   0.420702
-0.0288463   0.0372191   0.274884
-0.0647478   0.34433   -0.400543
0.0152506   -0.0723258   -0.153719
-0.0833814   0.247611   -0.366946
-0.105632   0.244431   0.485583
0.121488   -0.247724   -0.282167
-0.399359   -0.132509   -0.217412
-0.324964   -0.18641   -0.241666
-0.0827996   -0.0413176   0.35802
-0.138259   -0.404775   0.47624
0.0729124   0.360688   0.462419
0.145416   -0.0306334   0.292566
0.0264481   0.136346   0.0107062
-0.172022   -0.214907   0.451721
-0.146019   -0.29496   -0.0313197
-0.16025   -0.277357   -0.478687
-0.484375   -0.307848   -0.0213835
-0.307662   0.458273   -0.44479
0.0590341   -0.181907   0.351606
-0.0592137   0.243898   0.373253
0.434153   -0.344815   -0.369727
0.462859   -0.0333454   0.0503861
-0.206237   0.369138   0.169347
0.380777   -0.325313   -0.0648839
0.168873   -0.00653711   0.186776
0.42868   0.477694   0.174463
-0.077547   0.0796745   -0.188551
0.301455   0.252854   0.368002
0.214672   0.42774   -0.481821
-0.0812533   -0.149077   -0.280206
0.219701   0.375767   0.410379
-0.0240908   0.452004   0.477837
-0.389171   -0.36946   -0.0476317
0.0384412   -0.307989   0.440004
0.189137   -0.190785   -0.38952
-0.374151   0.396617   -0.12529
0.481173   0.0553831   -0.218775
-0.284976   0.272039   0.160522
0.266643   0.077531   0.137741
-0.207158   0.104935   0.376287
-0.188938   -0.0750596   0.196484
0.416238   0.462065   0.262386
-0.163401   0.273044   0.0802395
0.148956   0.226537   0.182578
0.163442   0.000771888   0.0789454
0.0109857   -0.332497   0.345558
-0.321238   -0.0974452   0.307608
-0.0893156   -0.471174   0.450352
0.0315081   0.273145   0.274422
-0.106177   -0.177711   -0.0733169
-0.0707922   0.363962   -0.260828
-0.240423   -0.425887   -0.0313047
-0.162232   -0.217457   -0.366277
0.0498965   -0.342498   -0.0510505
-0.102552   0.487594   -0.342232
0.00285074   0.201694   -0.340874
0.378406   0.214835   -0.336014
-0.355858   0.266874   0.443017
0.49011   0.181798   -0.0827785
0.0310084   0.48163   0.25158
0.0992158   0.166681   -0.435128
-0.0386323   0.412702   -0.328367
0.370714   0.306182   -0.0919175
-0.180257   -0.404099   0.0973917
0.470844   0.486863   0.318455
-0.193821   0.465945   -0.206674
-0.165755   -0.00731826   -0.467852
0.407908   -0.0606999   0.123431
0.169473   -0.0216647   -0.00539294
0.0768326   0.412036   0.232581
0.471985   -0.480759   0.0151853
-0.204879   0.17148   -0.160193
-0.383766   0.223226   0.349889
-0.271401   0.409008   0.497744
0.26435   0.189493   -0.350975
0.0949643   -0.00670959   0.226014
-0.237061   -0.0259338   0.318555
-0.215049   0.15006   0.015539
-0.0223868   0.289492   -0.189841
0.0899222   0.374912   -0.232582
0.195678   -0.174488   0.0658409
0.0954989   0.371389   -0.36097
-0.481734   -0.345772   -0.308728
0.251131   0.197581   0.109907
0.464336   0.0915146   0.45739
-0.336322   -0.253949   -0.4045
0.0945941   -0.473716   0.486454
-0.226079   0.22061   -0.367524
0.247397   0.489886   -0.285525
-0.141192   0.36009   -0.344369
