0.494594   0.488258   -0.496457
-0.316358   -0.327666   0.497286
-0.49472   -0.349529   -0.34844
-0.330455   -0.491169   -0.343525
-0.172826   -0.495372   0.473442
-0.00998915   -0.356319   0.48714
-0.147378   -0.337489   -0.344588
0.00508327   0.498006   -0.334204
0.162805   -0.483094   -0.490302
0.331647   -0.342057   -0.483775
0.175035   -0.326918   -0.330557
0.337812   -0.499893   -0.334753
0.491047   -0.174676   -0.486342
-0.342087   -0.0171856   -0.489153
-0.4954   -0.000955323   -0.331352
-0.329841   -0.168407   -0.327381
-0.163829   -0.162147   0.492291
-0.00412885   0.00733105   -0.499459
-0.178127   -0.00719225   -0.341453
-0.00285263   -0.172406   -0.315143
0.148095   -0.166847   -0.487541
0.335217   0.00205504   -0.495168
0.162047   -0.00423483   -0.326437
0.335943   -0.163547   -0.326663
-0.490429   0.151062   0.499933
-0.350004   0.333439   -0.494067
0.489879   0.322814   -0.349997
-0.339623   0.155952   -0.321262
-0.176611   0.182939   -0.487818
0.00630828   0.344078   0.497468
-0.17174   0.36134   -0.341192
-0.0110625   0.180219   -0.32513
0.165012   0.147779   -0.497012
0.341875   0.308334   0.494869
0.165175   0.315636   -0.330584
0.33233   0.168739   -0.331526
-0.478254   -0.489989   -0.172174
-0.331609   -0.340172   -0.174532
-0.482288   -0.337693   -0.00287898
-0.338395   0.492163   0.000482497
-0.17158   0.496218   -0.170409
-0.00532046   -0.334693   -0.183003
-0.170826   -0.344398   -0.0144534
0.00616711   0.493136   0.0047664
0.163222   0.46857   -0.164821
0.360216   -0.335779   -0.181159
0.167382   -0.345763   -0.0141134
0.351237   -0.475556   -0.00407944
-0.482982   -0.164772   -0.169046
-0.366766   0.0173728   -0.160395
0.491309   0.0148051   0.00954195
-0.325765   -0.16188   -0.00623563
-0.171048   -0.178961   -0.172302
0.00225283   0.00801356   -0.167797
-0.175758   0.0178684   -0.013326
0.00800198   -0.174386   -0.00922583
0.160348   -0.150825   -0.150211
0.342006   0.00600532   -0.153034
0.181561   -0.000532447   0.0153323
0.371049   -0.180634   -0.0212375
0.497234   0.170945   -0.164756
-0.342993   0.345972   -0.179514
-0.496208   0.335291   0.0126918
-0.330071   0.181601   0.00392748
-0.174702   0.169509   -0.165536
-0.0154653   0.33224   -0.15355
-0.174614   0.341763   0.00313479
0.0071747   0.167212   -0.0204744
0.175834   0.15971   -0.171264
0.325751   0.341133   -0.172771
0.158804   0.335319   0.00881871
0.339952   0.19078   -0.00337934
0.4981   -0.484467   0.167016
-0.329188   -0.33406   0.170438
-0.48665   -0.333624   0.358313
-0.351963   0.485384   0.340387
-0.175255   0.498959   0.172422
-0.0132102   -0.35039   0.153741
-0.163569   -0.328024   0.318887
-0.00935904   0.490664   0.320246
0.171551   -0.498705   0.173418
0.350779   -0.330556   0.168793
0.146457   -0.327732   0.311712
0.326885   -0.480486   0.339969
-0.495948   -0.162758   0.165266
-0.346253   0.00505139   0.165772
-0.494237   0.00846668   0.341154
-0.326321   -0.154477   0.335024
-0.165324   -0.157069   0.169977
-0.0175489   -0.0157372   0.148675
-0.191781   0.00540635   0.344031
-0.00983215   -0.161188   0.324006
0.196071   -0.172602   0.14312
0.347691   -0.0189579   0.194525
0.167494   -0.00607258   0.343084
0.326397   -0.171488   0.35433
-0.495036   0.183826   0.170623
-0.331901   0.338053   0.179812
0.48671   0.346656   0.314639
-0.338669   0.182798   0.324961
-0.168282   0.16724   0.178626
0.00121545   0.318837   0.162331
-0.163795   0.321042   0.33708
-0.00219398   0.170742   0.342274
0.17182   0.160272   0.168879
0.331283   0.337442   0.171979
0.184615   0.308838   0.349908
0.34191   0.168474   0.320156
