           1     1.08783     1.08783           0
           2         1.1     1.09392  0.00430348
           3     1.10617       1.098  0.00439881
           4     1.08241      1.0941  0.00471964
           5       1.106     1.09648  0.00433402
           6     1.09207     1.09575   0.0036735
           7     1.08927     1.09482  0.00326296
           8      1.0994     1.09539  0.00290492
           9     1.10922     1.09693   0.0029605
          10     1.08014     1.09525   0.0031043
          11     1.10214     1.09588   0.0028845
          12     1.12162     1.09802  0.00334816
          13      1.0957     1.09784  0.00309538
          14     1.09953     1.09796  0.00287662
          15     1.11072     1.09881  0.00280783
          16     1.09009     1.09827  0.00268474
          17     1.08183      1.0973  0.00269534
          18     1.09983     1.09744  0.00254926
          19     1.09482      1.0973  0.00241884
          20     1.08964     1.09692  0.00232805
