           1     1.20253     1.20253           0
           2     1.19763     1.20008  0.00173068
           3     1.19683       1.199  0.00145356
           4      1.2051     1.20053  0.00171309
           5     1.19955     1.20033  0.00138145
           6      1.2027     1.20073  0.00120622
           7     1.19236     1.19953  0.00151465
           8     1.20617     1.20036  0.00153572
           9     1.20176     1.20052  0.00137299
          10     1.19998     1.20046  0.00123673
          11      1.1978     1.20022  0.00114773
          12     1.19936     1.20015  0.00105434
          13     1.19396     1.19967  0.00107526
          14     1.20127     1.19979   0.0010045
          15     1.20667     1.20025  0.00103708
          16     1.19481     1.19991  0.00102647
          17     1.19872     1.19984 0.000968441
          18     1.20082     1.19989 0.000916183
          19     1.20509     1.20016 0.000907903
          20       1.196     1.19996 0.000886098
