           1     1.40391     1.40391           0
           2      1.4041     1.40401 6.51048e-05
           3     1.40411     1.40404 5.18416e-05
           4     1.40408     1.40405 3.96445e-05
           5     1.40413     1.40406 3.45832e-05
           6     1.40409     1.40407 2.90648e-05
           7     1.40403     1.40406 2.53621e-05
           8     1.40397     1.40405 2.47042e-05
           9     1.40403     1.40405 2.20832e-05
          10     1.40398     1.40404 2.09551e-05
          11     1.40403     1.40404 1.90825e-05
          12     1.40402     1.40404 1.75565e-05
          13     1.40414     1.40405 1.79062e-05
          14     1.40409     1.40405  1.6833e-05
          15     1.40407     1.40405 1.57444e-05
          16     1.40405     1.40405 1.47619e-05
          17     1.40405     1.40405 1.38949e-05
          18     1.40403     1.40405 1.31622e-05
          19     1.40408     1.40405 1.25361e-05
          20     1.40409     1.40405 1.20768e-05
