           1    -6.66424    -6.66424           0
           2    -6.65821    -6.66123  0.00213146
           3    -6.65798    -6.66014  0.00167353
           4     -6.6662    -6.66166  0.00181585
           5    -6.66092    -6.66151  0.00145875
           6    -6.66447      -6.662  0.00129661
           7    -6.65335    -6.66077  0.00159493
           8     -6.6671    -6.66156  0.00157958
           9    -6.66196     -6.6616  0.00140471
          10    -6.66215    -6.66166   0.0012653
          11    -6.65737    -6.66127  0.00120896
          12    -6.65973    -6.66114  0.00111499
          13    -6.65474    -6.66065  0.00113274
          14    -6.66264    -6.66079  0.00106074
          15    -6.66742    -6.66123  0.00107818
          16    -6.65664    -6.66095  0.00104822
          17    -6.66016     -6.6609 0.000987591
          18    -6.66167    -6.66094 0.000933648
          19    -6.66464    -6.66114 0.000904537
          20    -6.65745    -6.66095 0.000877876
