           1     1.63174     1.63174           0
           2        1.65     1.64087  0.00645522
           3     1.65925       1.647  0.00659821
           4     1.62362     1.64115  0.00707947
           5       1.659     1.64472  0.00650104
           6     1.63811     1.64362  0.00551025
           7     1.63391     1.64223  0.00489444
           8      1.6491     1.64309  0.00435737
           9     1.66383      1.6454  0.00444076
          10     1.62021     1.64288  0.00465646
          11      1.6532     1.64382  0.00432675
          12     1.68243     1.64703  0.00502224
          13     1.64354     1.64677  0.00464308
          14     1.64929     1.64695  0.00431493
          15     1.66609     1.64822  0.00421174
          16     1.63514      1.6474  0.00402711
          17     1.62275     1.64595  0.00404301
          18     1.64975     1.64616  0.00382389
          19     1.64222     1.64596  0.00362825
          20     1.63446     1.64538  0.00349208
