           1    -3.37321    -3.37321           0
           2    -3.37528    -3.37425 0.000732292
           3      -3.378     -3.3755  0.00113232
           4     -3.3768    -3.37582  0.00089435
           5     -3.3762     -3.3759 0.000718596
           6     -3.3762    -3.37595 0.000600562
           7    -3.37769     -3.3762 0.000564022
           8    -3.37522    -3.37608 0.000506457
           9    -3.37673    -3.37615  0.00045532
          10    -3.37479    -3.37601 0.000429643
          11     -3.3763    -3.37604 0.000391386
          12    -3.37719    -3.37613 0.000370435
          13    -3.37845    -3.37631 0.000382419
          14    -3.37517    -3.37623 0.000363687
          15     -3.3754    -3.37618 0.000343672
          16    -3.37564    -3.37614 0.000323844
          17    -3.37658    -3.37617 0.000305802
          18    -3.37727    -3.37623 0.000294892
          19    -3.37718    -3.37628 0.000283613
          20    -3.37678     -3.3763 0.000270514
