           1    -5.00496    -5.00496           0
           2    -5.02529    -5.01512  0.00718751
           3    -5.03725     -5.0225  0.00769679
           4    -5.00041    -5.01698   0.0074961
           5    -5.03519    -5.02062  0.00682504
           6     -5.0143    -5.01957  0.00576815
           7     -5.0116    -5.01843  0.00505508
           8    -5.02433    -5.01917  0.00447667
           9    -5.04055    -5.02154  0.00456661
          10      -4.995    -5.01889  0.00482021
          11     -5.0295    -5.01985  0.00447758
          12    -5.05963    -5.02317  0.00518801
          13      -5.022    -5.02308  0.00478972
          14    -5.02446    -5.02318  0.00444862
          15    -5.04148     -5.0244   0.0043162
          16    -5.01077    -5.02355  0.00412958
          17    -4.99932    -5.02212  0.00412518
          18    -5.02702    -5.02239  0.00390496
          19    -5.01941    -5.02224   0.0037026
          20    -5.01123    -5.02169  0.00355809
