           1     9.58241     9.58241           0
           2     9.60859      9.5955  0.00925621
           3     9.62589     9.60563   0.0103183
           4     9.59647     9.60334  0.00798862
           5     9.61783     9.60624  0.00689619
           6     9.59936     9.60509  0.00584126
           7     9.65151     9.61172  0.00792162
           8     9.56797     9.60626  0.00861496
           9     9.58922     9.60436  0.00786295
          10     9.61081     9.60501  0.00710301
          11     9.62838     9.60713  0.00676772
          12     9.61408     9.60771  0.00622846
          13     9.62944     9.60938  0.00596937
          14     9.62286     9.61034  0.00562004
          15     9.58069     9.60837   0.0055823
          16     9.63105     9.60978  0.00541041
          17     9.61736     9.61023  0.00511046
          18     9.60243      9.6098   0.0048449
          19      9.6013     9.60935   0.0046105
          20     9.62786     9.61027  0.00447187
