           1     2.24492     2.24492           0
           2     2.09798     2.17145   0.0519496
           3     1.99599     2.11297     0.05899
           4     2.22591      2.1412   0.0505505
           5     2.05046     2.12305   0.0435764
           6     2.17625     2.13192   0.0372047
           7     2.02075     2.11604    0.035116
           8     2.28148     2.13672   0.0363089
           9     2.05036     2.12712   0.0335185
          10     2.30555     2.14497   0.0345912
          11     2.12478     2.14313   0.0314952
          12      1.8795     2.12116   0.0357203
          13     2.13787     2.12245   0.0329957
          14     2.16496     2.12548   0.0307783
          15     2.08529      2.1228   0.0288428
          16     2.31114     2.13458   0.0293439
          17     2.19376     2.13806   0.0278235
          18     2.14891     2.13866   0.0262843
          19     2.15739     2.13965   0.0249194
          20     2.13629     2.13948    0.023674
