           1   -0.399617   -0.399617           0
           2   -0.369115   -0.384366   0.0107843
           3   -0.366156   -0.378296  0.00873223
           4   -0.371565   -0.376613  0.00670936
           5   -0.383873   -0.378065  0.00552236
           6    -0.38141   -0.378623  0.00463001
           7   -0.341501    -0.37332  0.00631305
           8   -0.399698   -0.376617  0.00632666
           9   -0.380694    -0.37707  0.00563989
          10   -0.352962   -0.374659  0.00556736
          11   -0.391432   -0.376184   0.0052659
          12   -0.396336   -0.377863  0.00508782
          13   -0.377729   -0.377853  0.00469646
          14   -0.338649   -0.375053  0.00512831
          15   -0.383022   -0.375584  0.00481386
          16   -0.416907   -0.378167   0.0051595
          17   -0.406381   -0.379826  0.00511597
          18   -0.473488    -0.38503   0.0069941
          19   -0.488426   -0.390472  0.00848288
          20   -0.411192   -0.391508  0.00812175
