           1    -5.46171    -5.46171           0
           2    -5.46058    -5.46114 0.000400784
           3    -5.46114    -5.46114 0.000267189
           4     -5.4611    -5.46113 0.000200604
           5    -5.46136    -5.46118  0.00016561
           6    -5.46178    -5.46128  0.00016527
           7      -5.461    -5.46124 0.000146427
           8    -5.46093     -5.4612 0.000133068
           9     -5.4602    -5.46109 0.000158116
          10    -5.46217     -5.4612 0.000175419
          11    -5.45957    -5.46105 0.000213119
          12    -5.46037    -5.46099 0.000202626
          13    -5.46078    -5.46098 0.000187717
          14    -5.46137      -5.461 0.000176408
          15    -5.46075    -5.46099 0.000165459
          16    -5.46184    -5.46104 0.000163462
          17    -5.46143    -5.46106 0.000155461
          18    -5.46085    -5.46105 0.000147287
          19    -5.45955    -5.46097 0.000159385
          20    -5.46145      -5.461  0.00015323
