           1     1.20235     1.20235           0
           2     1.18214     1.19225  0.00714616
           3     1.18018     1.18822  0.00578694
           4     1.18376     1.18711  0.00444649
           5       1.192     1.18809  0.00366322
           6     1.19033     1.18846  0.00307175
           7     1.16369     1.18492  0.00420314
           8     1.20245     1.18711     0.00421
           9     1.18982     1.18741  0.00375292
          10     1.17129      1.1858  0.00370765
          11     1.19697     1.18682  0.00350697
          12     1.20024     1.18794   0.0033884
          13     1.18791     1.18793  0.00312776
          14     1.16182     1.18607  0.00341541
          15     1.19139     1.18642   0.0032061
          16     1.21397     1.18815  0.00343703
          17     1.20695     1.18925  0.00340825
          18     1.25168     1.19272  0.00466068
          19     1.26167     1.19635  0.00565427
          20     1.21019     1.19704  0.00541374
