           1     1.80353     1.80353           0
           2     1.77321     1.78837   0.0107192
           3     1.77027     1.78234  0.00868041
           4     1.77564     1.78066  0.00666974
           5       1.788     1.78213  0.00549483
           6      1.7855     1.78269  0.00460763
           7     1.74553     1.77738  0.00630471
           8     1.80367     1.78067    0.006315
           9     1.78472     1.78112  0.00562938
          10     1.75694      1.7787  0.00556148
          11     1.79546     1.78023  0.00526045
          12     1.80036      1.7819  0.00508261
          13     1.78187      1.7819  0.00469164
          14     1.74274      1.7791  0.00512312
          15     1.78709     1.77964  0.00480916
          16     1.82095     1.78222  0.00515554
          17     1.81043     1.78388  0.00511237
          18     1.87752     1.78908  0.00699102
          19      1.8925     1.79452  0.00848141
          20     1.81528     1.79556  0.00812061
