           1    0.801687    0.801687           0
           2    0.798423    0.800055  0.00115379
           3    0.797889    0.799333 0.000969043
           4    0.803402     0.80035  0.00114206
           5    0.799703    0.800221 0.000920967
           6    0.801799    0.800484 0.000804147
           7    0.794904    0.799687  0.00100977
           8     0.80411     0.80024  0.00102382
           9    0.801176    0.800344 0.000915325
          10    0.799988    0.800308 0.000824485
          11    0.798534    0.800147  0.00076515
          12     0.79957    0.800099 0.000702894
          13    0.795975    0.799782 0.000716839
          14    0.800847    0.799858 0.000669667
          15    0.804447    0.800164  0.00069139
          16    0.796538    0.799937 0.000684315
          17    0.799149    0.799891 0.000645628
          18    0.800547    0.799927 0.000610789
          19    0.803393     0.80011 0.000605268
          20    0.797331    0.799971 0.000590732
