           1   0.0488153   0.0488153           0
           2   0.0491997   0.0490075 0.000135895
           3   0.0471606   0.0483919 0.000510779
           4   0.0533985   0.0496435  0.00114967
           5   0.0487307    0.049461 0.000934119
           6    0.049523   0.0494713 0.000778489
           7   0.0476945   0.0492175 0.000707448
           8   0.0510033   0.0494407 0.000653287
           9   0.0469828   0.0491676 0.000635223
          10   0.0477472   0.0490256 0.000587367
          11   0.0496425   0.0490816 0.000536641
          12   0.0506969   0.0492162 0.000508523
          13   0.0496389   0.0492488 0.000470444
          14   0.0489573   0.0492279 0.000437301
          15    0.048593   0.0491856 0.000410191
          16   0.0535618   0.0494591  0.00046692
          17    0.049596   0.0494672 0.000439524
          18   0.0526189   0.0496423 0.000448629
          19   0.0514983     0.04974 0.000435522
          20   0.0484752   0.0496767 0.000418312
