0.123422   0.340282   -1.39201
0.480736   0.283758   -0.679047
-1.19197   1.62702   1.23255
-1.03694   0.191867   0.0756065
-1.28755   -0.278326   1.47491
0.47652   0.020137   1.44102
-0.501984   0.450512   0.472251
-0.984515   -0.713856   0.512502
0.582917   0.119322   2.15361
-1.18274   0.553376   0.951844
-0.294326   -1.2511   -1.35713
-0.407817   -2.74594   0.683996
0.0589624   1.28599   0.588271
-0.48769   0.609462   2.23439
0.028165   -2.24133   -1.16153
-1.77483   -0.64647   -1.18224
1.73671   0.0886598   0.964363
-0.796015   3.63401   -0.988115
2.40689   -0.362526   -0.231134
0.103931   0.667932   -0.528626
0.180534   -0.160346   0.371914
0.374575   1.89784   0.787572
0.570846   -1.30446   2.89695
-1.13869   0.610034   -0.870203
2.22302   0.221361   -1.33742
0.702866   0.736463   2.08772
1.65124   -0.730202   1.12377
-0.338235   0.456601   -0.079759
2.7148   2.00021   -2.10764
0.0885642   -1.09952   0.037234
-0.743067   -1.08006   -0.229744
-0.36746   1.02206   1.25846
0.651459   -1.87854   -2.02293
-2.52164   -0.452094   2.18998
1.30121   0.730628   -0.0418982
2.40731   -1.3963   0.0991902
-0.700416   1.63503   1.07831
-1.64962   1.10927   0.259622
-0.111128   -0.665987   -1.0478
1.10498   1.18813   0.338363
1.36246   -0.943219   -1.06443
-0.463244   0.106787   -0.181527
-0.649893   0.263882   0.144618
1.39674   -0.881919   2.16798
0.239683   -1.50426   0.261154
0.123389   1.51717   -0.203513
0.613899   1.82686   -0.588816
0.498196   -0.385403   1.13472
1.49023   -0.600744   -1.59204
-2.56324   1.02045   -0.814556
1.11833   0.471052   1.19989
-0.240169   1.01922   0.19336
0.673105   0.230719   -1.10261
0.873209   -0.316756   1.02059
0.7419   0.346209   -1.62364
-0.824324   0.547511   -0.0784425
-0.094035   0.778679   2.0585
0.275227   0.645208   -0.149282
-1.32503   -0.655759   0.213817
0.631115   0.0529407   -0.356357
-0.672526   -0.59727   -0.80073
-0.0435809   -0.727523   0.68191
0.491585   -2.33999   -0.874775
-0.434652   0.513647   2.64649
0.692333   -0.159317   -0.502734
-1.44214   1.66726   -0.945171
-0.730658   0.95623   -0.042925
-0.297264   -0.619231   -0.793118
1.22069   -0.558265   -0.0638759
-2.22742   0.487058   0.305464
0.912761   0.632375   0.141495
-0.517453   0.790146   -2.05568
1.14979   0.509082   -1.42249
-1.25027   -1.02151   0.019534
-0.738249   -1.05105   -1.00255
0.807349   -0.395772   -1.03155
-1.60216   -0.998028   -0.952922
-0.178745   2.64348   0.376973
-1.49393   -0.779808   -1.69028
0.353088   -0.871282   0.0571715
-1.57081   1.76602   -1.40783
0.502529   -0.711655   -1.5369
-0.146468   -1.13252   -0.0780028
-0.911257   1.2246   -0.0728464
-0.574884   -0.0222792   -1.07547
-1.3572   -0.431263   0.0700066
-0.745488   -1.53722   2.45728
1.42433   0.198897   1.15427
-0.343382   -1.1405   -1.88441
-0.61406   -0.751063   -0.37737
1.65146   -0.747279   0.167441
1.41058   1.01518   0.45081
-1.95747   -0.555956   -0.708125
0.594653   0.84135   0.653933
-1.86794   -0.888815   1.04134
1.10873   -1.1754   -0.596862
-0.41706   0.500652   0.488285
-0.709091   -0.834852   -1.36785
-0.253634   -1.77156   1.16403
0.471805   -0.742028   -0.596482
0.484592   -0.977205   1.40177
1.25263   -1.31133   -0.213235
0.174634   0.00152236   -1.58269
0.207143   -0.244976   0.201858
0.345008   0.699858   0.863046
0.664868   1.68221   -0.195843
0.983524   -0.372413   0.283303
-0.136828   1.32627   -1.45026
