-1.42612   -0.244399   -0.876605
0.0179932   1.70226   0.385244
-0.868602   -0.521384   0.0823831
-1.55702   -0.683816   0.363131
1.08264   -0.0152333   -0.429375
-0.568071   1.70216   -1.2493
1.4412   -0.942271   0.305729
0.946241   0.803298   -0.717418
1.41915   -1.6217   0.478918
-0.759562   -0.809637   -0.745076
-0.963981   0.189757   -0.0590374
0.996063   -3.01578   0.272658
-0.513896   -0.192604   -1.29653
1.03708   -0.61658   0.0117578
-0.258784   0.563314   1.43736
-0.211995   -1.45738   -2.16832
1.33422   1.54178   -0.351915
-1.73612   2.09356   0.228086
-0.869925   -1.06056   -0.0131227
0.137085   0.174016   -0.307491
0.257737   -0.916075   1.4164
-0.490006   -0.456514   0.34304
0.26262   0.747842   0.0848725
-1.39208   0.539557   -0.197705
0.45278   1.84973   0.144258
0.01902   -1.25594   0.306961
-0.948473   0.628593   0.573018
-0.985865   -0.316283   1.45879
-2.43628   0.144775   0.322736
-0.582112   -0.246885   0.137236
0.83685   -0.183452   0.495462
-1.16822   -1.33405   1.54058
-1.54774   -0.773499   -0.820003
-0.122372   1.15144   2.30749
-1.03453   1.90455   0.258216
3.44118   1.73124   -0.412798
-0.512266   0.788651   0.889146
-0.218356   -1.53637   0.566769
0.217624   0.693038   -1.69456
-1.74185   0.0678075   -0.82789
0.618766   -0.691642   2.06966
-2.47007   1.02656   -0.575281
-0.267905   0.325743   1.12884
0.813466   0.719159   -0.657941
-0.407281   -0.403381   0.268321
-0.116049   -1.0095   -0.704507
-0.81617   0.120051   0.0963651
1.42886   2.03318   1.53773
0.822802   0.0393604   -1.83673
0.875517   0.791331   0.873394
0.792866   -0.458297   2.06112
1.94317   -1.91937   0.00205207
1.61981   0.965445   0.836839
1.11629   1.5423   0.535355
0.592507   0.196346   0.875625
-2.86012   -0.340533   -0.718648
1.09705   0.692987   -0.576034
0.464689   1.72394   -0.644829
-0.333817   0.821949   -0.934678
0.0526466   -0.718023   -1.4965
-1.02323   1.56782   0.404326
0.145457   0.534904   -0.998026
-0.654784   -2.23951   -0.533873
1.29467   0.0645503   -2.32559
-1.27316   0.00539803   1.25996
-0.953088   -1.33943   0.124967
1.03632   -0.695474   0.157473
-0.211207   -1.05268   0.972272
0.379186   -0.930169   0.609976
-0.31839   -1.2149   -0.229302
0.58673   -0.302066   0.726266
2.90638   0.651061   1.60358
-0.227814   -0.260903   1.66753
-0.00750139   0.158029   1.10733
-0.62494   2.21075   -0.873619
-0.38129   -0.713486   1.06147
0.93051   -0.689372   -0.243957
-0.905213   0.249407   1.84811
0.470896   0.313528   1.40296
-0.720102   -1.47113   -1.40423
0.491868   1.06592   -1.39551
0.632904   0.0954401   0.945773
0.113146   0.616958   0.0807967
0.243935   1.09067   -0.871564
2.85971   1.17903   -0.0501681
0.993147   0.792707   -0.998722
1.45726   -0.815597   0.710546
-0.329187   0.48537   -2.53475
-0.869284   -0.856927   -0.575604
-2.40746   0.608617   0.762737
-1.11474   -0.408879   0.436557
0.964001   -0.0343013   -1.57996
0.929492   1.05302   -1.00776
-0.268824   0.0384887   -2.79483
-1.08147   -1.75975   0.84069
-0.456715   0.19632   0.32533
1.73204   -1.62877   -2.17662
0.928836   -0.741275   -2.26419
-0.276727   -0.0337166   -0.645356
-0.0976083   0.452979   0.455906
0.114452   -0.00510509   0.732614
1.81621   0.766018   -1.01483
0.00531251   -0.901706   0.564966
-0.657989   0.288189   -0.591065
-1.93869   -1.84442   0.659211
-0.206541   -0.362072   0.635071
0.519784   -0.0894303   0.758576
-0.498511   -0.368643   -0.128789
