0.248363   0.42857   1.15824
1.66409   -0.26872   -1.6445
-1.53962   -0.304532   0.647963
-0.309087   -0.590853   1.96363
-0.396162   0.638598   -0.843908
-0.719163   0.299557   -0.501866
0.42674   0.66988   0.302069
0.14317   0.911371   -1.00248
1.02564   1.07128   -0.739413
-0.691275   1.14925   -0.252139
-1.48235   0.469492   -0.173817
-0.489059   1.61283   1.31698
0.761308   0.0916941   0.892637
-0.561708   -1.55511   -0.322195
-2.45851   -0.531998   0.0906271
-0.14911   -0.164949   1.20182
0.708993   1.33945   -1.99255
0.82155   0.279147   -1.12275
0.0965009   -0.478016   0.214303
2.51875   -0.873656   0.634081
0.025228   0.186916   -2.17046
0.226195   0.920484   -1.18189
1.6146   0.927274   1.3731
1.27072   -0.576507   -2.90529
0.0399851   -2.21424   -0.99875
-0.0131151   1.33082   2.30272
0.6091   1.59014   0.26135
-0.103554   1.35333   1.98536
-1.32778   -0.111092   1.17693
0.595565   -0.684198   1.17325
-1.27926   -0.609667   -0.92954
0.789553   -0.58978   0.84753
0.464467   0.588169   0.275795
-0.809334   -0.751528   -0.360366
-0.446341   1.74351   2.33941
-1.18244   0.196271   2.04861
-1.95518   -0.766795   0.874306
1.7548   -0.0147001   -0.0575814
0.0873252   1.22013   -0.872156
-0.447483   -0.197682   0.424485
-0.0556645   0.239681   -0.169412
0.17719   -1.03025   2.19249
0.0683461   -0.628902   -0.10576
-0.203501   -2.03056   0.410501
0.102108   -0.560132   -0.272418
-0.585548   -0.436852   1.25034
-0.810565   0.00318381   -0.505354
0.36297   0.230672   1.71828
-0.498058   -0.163677   -0.0896112
-1.41287   -0.247962   -1.46448
0.279776   -1.96146   0.932237
0.421537   -0.0124182   -0.21243
-0.981609   -0.204117   -1.65248
1.15447   -1.00666   -0.426272
0.572665   -0.25166   0.860322
0.411801   0.104033   1.84628
0.106836   1.73423   -0.357726
1.25204   1.76855   0.0717154
-0.346163   -0.439585   0.463678
-1.54327   2.43516   -0.300317
0.634248   0.0681552   -0.597313
-0.0285932   -0.672419   1.08675
-0.556927   -0.518589   -0.866101
-1.19477   0.620374   -0.398999
-0.787444   1.08936   1.27443
-0.32959   -2.71155   0.725857
-0.140462   0.102345   0.769175
-0.551586   -0.736091   -0.733382
0.612333   -1.11923   0.917013
0.243369   0.331629   -0.449014
2.1377   -0.195901   1.08581
-0.803315   1.01934   0.611822
0.136329   0.388808   -0.247743
1.21143   -0.143617   -1.07945
0.996372   -0.126404   0.246454
-0.917616   -1.35399   -0.476472
1.35769   -0.395304   0.748382
0.152583   2.09836   2.51702
1.55002   0.251687   0.118844
0.497494   -0.430655   -0.744903
-2.25782   -0.95266   -0.441341
-1.11191   0.289016   0.846797
-0.0892271   -1.59141   1.42327
0.96843   -0.769909   -2.12735
-1.36649   -0.343103   -0.362504
-0.827228   -0.484022   -0.555813
-0.225137   -1.14325   -0.139841
-1.57401   1.11343   -1.04598
-1.33663   0.195464   1.17821
0.592121   -0.64444   0.477592
-1.19515   0.503597   -0.475223
1.14691   -1.08696   -0.992866
0.248769   -0.0125164   -0.418918
0.674828   -0.217229   0.0964635
0.532821   -2.23826   0.0117402
-0.252687   -1.46002   0.301592
-0.382069   0.892538   -2.05381
-0.197208   0.766837   -0.292062
0.346022   0.713711   -0.929765
-0.658735   1.01905   -1.4089
1.65969   1.55663   -0.457843
-1.53947   0.312262   -0.84658
1.74915   -0.965202   -1.09013
0.0454193   1.59571   -1.26601
0.909692   0.0965633   -0.671028
-1.76503   -0.551456   -0.0118902
1.92979   0.611936   0.0253651
1.75128   -0.0480594   -2.90445
