0.233538   -1.01517   -0.817846
0.308867   0.719168   0.767034
-0.877231   -1.36972   0.475169
0.371799   0.799147   -0.838691
-0.996799   -2.06254   -0.415571
0.128911   -0.573139   0.748867
0.981025   -0.595464   1.15735
-0.145916   0.905025   -0.482109
-0.820022   -0.533844   0.882647
1.79572   -0.386843   0.460492
1.12375   0.584104   0.687156
-0.127329   -1.15015   1.78647
0.0732942   0.523186   -0.403759
-0.033685   -1.83916   -1.48944
-2.59459   0.476345   0.501658
0.275925   -0.141179   -0.220268
1.92477   -0.980178   -0.200143
1.4906   -0.344589   0.816154
-0.717677   0.919063   -0.672704
1.82724   0.506218   -0.76351
-0.671624   -0.268264   0.18939
-1.10018   0.679215   -0.750015
0.325226   0.326867   -0.631274
0.0802536   -0.994979   -1.4634
1.28379   1.18324   1.05004
-1.44977   -0.0401287   1.12041
-0.564831   -0.461044   -0.853045
-1.26819   0.960248   0.0830924
-0.500809   -0.0932069   -1.1776
0.405803   -0.51215   0.0611074
1.1256   0.790672   0.555464
0.233291   0.128553   0.161654
0.340802   -1.31696   -0.434856
0.126585   0.442122   -1.03416
-1.13316   0.186574   1.05682
0.902862   2.78411   -0.363077
1.44936   -1.23506   -0.158368
-0.806277   0.0409988   0.0236953
1.50562   0.177176   -1.4567
0.411532   1.00398   1.05528
1.52006   0.526842   0.606765
0.297948   -0.32894   0.105228
-0.799617   -1.02053   -1.01852
-1.21893   -0.181565   0.828199
-0.160401   0.0155282   0.977996
0.118046   0.194319   -0.629564
-2.46747   0.0825891   1.272
-0.23254   -0.0877006   -1.46299
0.798182   1.28627   -0.259122
-0.246773   0.21887   -1.18074
1.22255   1.71826   -0.508121
0.0539912   0.460313   -0.214731
0.609177   0.175133   0.850332
-0.414307   -0.416416   1.68504
0.61882   0.574052   2.14072
0.377622   -0.351787   0.245326
0.266042   -1.05041   -0.251832
1.23564   -1.09755   -0.411292
-2.1369   0.560241   1.6955
0.0107933   1.31156   0.224043
-1.04593   1.58573   1.20471
-0.637681   0.685412   -0.896456
-0.912813   -0.838929   0.667745
0.0480003   -0.441773   0.529031
0.771556   -0.0651588   1.01284
0.249587   -0.62485   1.46256
-0.303625   -0.98581   -1.9902
1.16541   -1.02488   0.08021
0.188851   -0.105289   -0.30326
0.069544   -1.19947   0.933082
-1.67497   -0.44862   -0.979923
-0.444378   0.242163   1.29425
0.383906   -0.0081818   -0.56574
1.21339   0.588142   -0.997456
-0.519859   0.106709   -0.0616246
-1.07308   -1.43311   0.456002
-0.464037   1.39545   0.68467
0.444074   0.00318824   -1.25694
0.427068   0.537076   1.60945
-0.0125307   1.14289   -0.374964
-0.151859   -1.79873   -0.506
-1.08624   -1.40618   0.242367
0.205555   0.568243   0.381117
0.739943   0.13179   0.561245
-1.99361   1.08904   0.698243
-0.00669146   0.565069   -0.233731
-0.42338   -0.560572   1.93121
-1.6091   -0.319543   1.1176
0.500687   0.786345   -0.769935
0.104228   -0.478116   -0.577981
0.0321989   0.744441   -0.756936
-0.413473   -0.0423554   -0.704263
0.111839   -0.537588   -1.22663
-0.102322   0.694025   0.910021
0.56183   0.306027   0.191692
0.652273   -0.637588   -0.0116499
-0.880596   1.54167   -1.21571
0.534734   -2.10052   -0.267551
-0.364116   -1.16021   -0.0132111
-0.689251   -0.692748   -0.0734012
-0.20969   0.668083   0.227521
0.596539   0.545576   -3.04145
1.01583   0.361352   -0.939822
0.0638592   -1.36043   -1.05821
0.853329   -0.726761   -1.00996
0.406121   2.53559   -0.0829752
-0.515636   0.657625   0.266663
-0.175484   0.704487   -0.253915
