0.431772   0.398915   -0.456158
-0.392414   -0.464111   -0.450216
0.470038   -0.448727   -0.272414
-0.393872   0.379584   -0.284448
-0.211648   0.383493   -0.447578
-0.0264377   -0.458789   -0.491024
-0.211686   -0.469775   -0.29578
-0.0181363   0.368421   -0.304609
0.140099   0.377141   -0.472643
0.273403   -0.445118   -0.458091
0.11782   -0.446698   -0.291465
0.270988   0.393904   -0.299924
0.467621   -0.299566   -0.453335
-0.391743   -0.129139   -0.463488
0.47003   -0.12562   -0.28551
-0.367642   -0.300999   -0.294316
-0.211396   -0.308036   -0.459362
-0.0188636   -0.122804   -0.475693
-0.216945   -0.137416   -0.30034
-0.0491795   -0.280591   -0.297166
0.141333   -0.267746   -0.470835
0.300657   -0.115641   -0.451558
0.135063   -0.126887   -0.27191
0.308786   -0.29585   -0.287032
0.481175   0.0465969   -0.436499
-0.387135   0.22408   -0.458978
0.451892   0.208828   -0.294975
-0.374083   0.0316863   -0.279521
-0.220778   0.0473551   -0.461339
-0.0510103   0.206816   -0.45833
-0.214501   0.203678   -0.277936
-0.0613703   0.040835   -0.293982
0.11624   0.0491303   -0.455538
0.29684   0.204504   -0.447355
0.123816   0.205659   -0.275483
0.315315   0.0369742   -0.282342
0.468683   0.370819   -0.110946
-0.36633   -0.459381   -0.125115
0.47334   -0.458049   0.0470156
-0.374539   0.377483   0.0388145
-0.20134   0.369684   -0.115665
-0.0501275   -0.468227   -0.137733
-0.207624   -0.454591   0.0457075
-0.0511556   0.384809   0.0556493
0.106394   0.379638   -0.105002
0.283957   -0.446649   -0.126746
0.118796   -0.462999   0.0427466
0.292447   0.366992   0.0332232
0.4604   -0.282467   -0.0996778
-0.377715   -0.119269   -0.112943
0.466264   -0.125355   0.0476426
-0.361387   -0.287616   0.0485194
-0.20338   -0.295104   -0.115328
-0.0578023   -0.12881   -0.143608
-0.199161   -0.129451   0.0619431
-0.0342743   -0.317391   0.0309601
0.115782   -0.288059   -0.115866
0.299434   -0.139453   -0.116278
0.10385   -0.124365   0.0378641
0.295303   -0.296524   0.0393463
0.476184   0.0320272   -0.117411
-0.368035   0.220978   -0.12701
0.474514   0.208023   0.0604542
-0.363474   0.0277796   0.05965
-0.190857   0.0325092   -0.109967
-0.0348608   0.202073   -0.134564
-0.206724   0.205343   0.0445949
-0.0399928   0.0445072   0.0555451
0.120001   0.0295765   -0.114986
0.275865   0.206639   -0.12381
0.121501   0.200486   0.0269412
0.317882   0.0518149   0.0359693
0.462304   0.360068   0.198583
-0.385089   -0.45853   0.207342
0.451892   -0.472924   0.37455
-0.401359   0.380389   0.376314
-0.207029   0.380837   0.220622
-0.0281473   -0.457558   0.215381
-0.236333   -0.467046   0.367861
-0.024682   0.370107   0.376975
0.138923   0.350363   0.206902
0.310477   -0.473167   0.214382
0.146295   -0.483173   0.351525
0.29913   0.359877   0.371885
0.461274   -0.28722   0.207618
-0.391395   -0.132316   0.217391
0.434057   -0.136441   0.378476
-0.391633   -0.29593   0.39001
-0.230123   -0.293343   0.221303
-0.0365834   -0.119233   0.219948
-0.215896   -0.139889   0.387443
-0.0123847   -0.288629   0.351071
0.140014   -0.314741   0.210512
0.291887   -0.116777   0.186649
0.146123   -0.134096   0.358612
0.285809   -0.301007   0.361256
0.465507   0.0297986   0.2101
-0.376549   0.190527   0.22401
0.463612   0.191685   0.381654
-0.381533   0.0228053   0.377979
-0.218122   0.0263402   0.228742
-0.0286186   0.212976   0.214223
-0.222203   0.229039   0.378364
-0.043808   0.0538922   0.361895
0.136269   0.043596   0.185244
0.302087   0.203384   0.203627
0.126326   0.202622   0.39083
0.29459   0.039167   0.357111
