-0.454732   -0.053338   0.391691
0.422867   -0.199672   0.16761
-0.0180919   -0.136299   -0.154637
0.397446   0.0945636   -0.38304
-0.304657   0.153913   0.242904
-0.218933   0.425899   -0.0580478
0.17382   -0.461628   -0.36655
-0.262077   -0.0058313   0.290992
-0.364436   0.301918   -0.219961
-0.192657   0.114104   -0.140384
-0.376675   0.0281663   0.35301
0.191844   -0.353318   0.495358
0.198045   0.0165632   -0.0372474
-0.336207   -0.046875   -0.399514
0.0349334   -0.0550405   -0.1073
0.259727   -0.352435   -0.0369335
0.378111   0.366276   0.178302
0.164312   0.493934   0.471996
0.321148   -0.438531   0.362182
-0.0685779   -0.145618   -0.383174
-0.259281   -0.429997   -0.212825
0.184003   0.0996247   0.199235
-0.26685   0.257051   0.300447
0.137246   0.115743   -0.202082
0.314868   0.0297774   0.101514
0.361022   -0.487578   -0.365068
0.243336   -0.248913   -0.124605
0.265616   0.278854   -0.288543
0.146502   -0.352338   0.295107
0.499917   0.226185   -0.262775
0.414202   -0.238331   -0.0601632
-0.0517974   -0.408656   0.114735
-0.414593   0.475406   0.300309
0.439129   0.43686   0.131401
0.000126246   0.407357   -0.353751
0.247454   0.204344   0.278761
0.498269   0.0112614   -0.310782
-0.184121   0.223542   -0.415567
-0.312342   -0.0460665   0.46089
-0.0582983   -0.3427   0.340575
0.494144   -0.20551   0.0107224
0.102105   0.122344   -0.424188
-0.155954   0.34506   -0.331042
0.110695   -0.0839012   0.299964
-0.16463   0.25455   -0.249766
0.30004   0.330405   -0.346813
-0.0331137   0.289958   0.0306281
-0.254877   -0.289294   -0.0947647
-0.316068   -0.0147365   -0.0170879
-0.00868943   0.101248   0.292588
0.0401965   0.382077   -0.00653792
0.0215446   0.116735   -0.0467718
-0.00327774   -0.431848   -0.128504
0.232616   -0.106757   -0.073942
-0.425417   0.321214   0.35498
-0.235441   -0.486466   -0.368398
-0.244354   0.341719   0.257176
-0.328976   0.225983   -0.414123
0.35662   -0.368285   0.204444
-0.277325   0.110495   -0.204952
-0.120181   -0.482397   0.343587
-0.295656   -0.435817   -0.466553
-0.0241699   0.0769258   0.0181655
-0.344682   0.222193   0.283675
0.342487   -0.238538   0.253984
-0.05645   -0.0266534   -0.107553
0.414653   -0.370526   0.288078
0.160506   -0.204083   -0.397654
0.46476   0.173576   -0.0123779
-0.285114   0.130528   0.437411
0.351364   0.284299   -0.0238621
0.323477   0.237133   0.275473
-0.354006   -0.204671   -0.100823
0.420098   -0.00876269   -0.0506105
0.273482   -0.0497147   0.0101024
0.0556419   0.248762   0.279988
-0.375557   0.229819   0.176491
0.450426   -0.153098   0.0583871
0.28426   -0.341406   -0.323009
0.416089   -0.483188   -0.232387
-0.327151   0.258683   0.097598
-0.271803   0.0131681   -0.466433
0.240452   -0.00616116   0.129588
-0.193871   0.0947334   0.417658
-0.415573   -0.0614882   -0.119415
0.462362   0.0678099   0.149859
0.382552   -0.167534   0.252874
0.30935   -0.0458265   -0.286425
-0.283551   0.166973   -0.131774
0.19666   -0.321487   -0.241047
-0.448245   0.272278   -0.334108
-0.280305   -0.204393   0.355761
-0.11593   -0.406081   -0.166948
0.318146   0.478513   -0.138843
-0.356593   0.0715236   -0.0874781
0.0647566   0.0413062   -0.0341734
-0.00117966   -0.274862   0.393498
0.066329   -0.175055   0.257145
0.138698   -0.211277   -0.208388
0.473189   0.056352   0.344956
0.494436   0.377497   -0.443998
-0.454125   0.353725   -0.296424
-0.359737   0.123422   0.330701
0.0841576   0.340426   -0.470309
-0.234344   -0.127856   -0.456188
-0.417938   0.148971   -0.315235
-0.351278   -0.135833   -0.0503973
-0.270837   0.48757   0.36693
