          20   0.0128248           0           0
          20   0.0384745           0           0
          20   0.0641241           0           0
          20   0.0897737           0           0
          20    0.115423           0           0
          20    0.141073           0           0
          20    0.166723           0           0
          20    0.192372           0           0
          20    0.218022           0           0
          20    0.243672           0           0
          20    0.269321           0           0
          20    0.294971           0           0
          20     0.32062           0           0
          20     0.34627           0           0
          20     0.37192           0           0
          20    0.397569           0           0
          20    0.423219           0           0
          20    0.448869           0           0
          20    0.474518           0           0
          20    0.500168           0           0
          20    0.525818           0           0
          20    0.551467           0           0
          20    0.577117           0           0
          20    0.602767           0           0
          20    0.628416           0           0
          20    0.654066           0           0
          20    0.679715           0           0
          20    0.705365           0           0
          20    0.731015           0           0
          20    0.756664           0           0
          20    0.782314           0           0
          20    0.807964           0           0
          20    0.833613           0           0
          20    0.859263           0           0
          20    0.884913 0.000556494 0.000182859
          20    0.910562   0.0234334  0.00117987
          20    0.936212    0.155321  0.00399611
          20    0.961861    0.559631   0.0057791
          20    0.987511     1.18839  0.00865056
          20     1.01316     1.83271    0.010522
          20     1.03881     2.28924   0.0153092
          20     1.06446     2.49541   0.0176578
          20     1.09011     2.48904    0.016655
          20     1.11576     2.36674   0.0121713
          20     1.14141     2.14452    0.011501
          20     1.16706     1.89976   0.0133719
          20     1.19271     1.71071   0.0122339
          20     1.21836     1.52454   0.0111231
          20     1.24401     1.36747  0.00986183
          20     1.26966     1.21585   0.0106053
          20     1.29531     1.09242   0.0107058
          20     1.32096    0.997085  0.00925343
          20     1.34661    0.922568  0.00839508
          20     1.37226      0.8547  0.00777153
          20     1.39791    0.797819  0.00704324
          20     1.42355    0.752783  0.00627456
          20      1.4492    0.728949  0.00690216
          20     1.47485    0.709751  0.00623344
          20      1.5005    0.690171  0.00669541
          20     1.52615    0.669975  0.00642697
          20      1.5518    0.655847  0.00639437
          20     1.57745    0.656351  0.00636094
          20      1.6031    0.658749  0.00699455
          20     1.62875    0.681675  0.00611066
          20      1.6544    0.688853  0.00510273
          20     1.68005    0.705821  0.00471628
          20      1.7057    0.737324  0.00453473
          20     1.73135    0.768954  0.00516798
          20       1.757    0.806329   0.0062522
          20     1.78265    0.849534  0.00614839
          20      1.8083    0.891051  0.00721766
          20     1.83395    0.923906  0.00620208
          20      1.8596    0.961816  0.00472419
          20     1.88525     1.00378  0.00648815
          20      1.9109     1.04643  0.00800993
          20     1.93655     1.08108   0.0085604
          20      1.9622     1.12086  0.00607406
          20     1.98785     1.15011  0.00706613
          20      2.0135     1.17542   0.0072863
          20     2.03915     1.19753  0.00591172
          20      2.0648     1.19507  0.00642247
          20     2.09045     1.19776  0.00580831
          20      2.1161     1.19462  0.00729376
          20     2.14174     1.17454  0.00595026
          20     2.16739     1.15969  0.00536285
          20     2.19304     1.13597  0.00552191
          20     2.21869     1.10248  0.00595144
          20     2.24434     1.07949  0.00602915
          20     2.26999     1.05263  0.00538784
          20     2.29564     1.02548   0.0051007
          20     2.32129    0.997394  0.00537456
          20     2.34694    0.976553  0.00611828
          20     2.37259    0.960679  0.00518674
          20     2.39824    0.939241  0.00397369
          20     2.42389    0.921886  0.00527517
          20     2.44954    0.904906  0.00580894
          20     2.47519    0.887953  0.00511377
          20     2.50084    0.878707  0.00452642
          20     2.52649    0.874384  0.00505509
          20     2.55214    0.878124   0.0050031
