          20   0.0323165           0           0
          20   0.0969496           0           0
          20    0.161583           0           0
          20    0.226216           0           0
          20    0.290849           0           0
          20    0.355482           0           0
          20    0.420115           0           0
          20    0.484748           0           0
          20    0.549381           0           0
          20    0.614014           0           0
          20    0.678647           0           0
          20     0.74328           0           0
          20    0.807913           0           0
          20    0.872546 0.000489675 0.000477277
          20    0.937179    0.158059   0.0112275
          20     1.00181     1.02802   0.0414381
          20     1.06645     1.95313   0.0740667
          20     1.13108     2.16148   0.0747892
          20     1.19571     1.99768   0.0653979
          20     1.26034     1.74754   0.0509926
          20     1.32498     1.46816   0.0453344
          20     1.38961     1.37701   0.0358781
          20     1.45424     1.28089   0.0338304
          20     1.51888     1.21676   0.0433684
          20     1.58351     1.16112   0.0376528
          20     1.64814     1.14467   0.0372886
          20     1.71278     1.11427   0.0314319
          20     1.77741     1.09018   0.0275016
          20     1.84204     1.06023   0.0281186
          20     1.90667     1.06844   0.0261573
          20     1.97131     1.08181   0.0225695
          20     2.03594     1.05332   0.0205987
          20     2.10057     1.06301   0.0246381
          20     2.16521     1.02799   0.0177069
          20     2.22984     1.04344   0.0212635
          20     2.29447     1.03625   0.0203575
          20     2.35911    0.995227   0.0171848
          20     2.42374     1.00786   0.0173006
          20     2.48837     1.02178   0.0123239
          20     2.55301    0.997356    0.016509
          20     2.61764    0.984241   0.0189561
          20     2.68227     0.97939   0.0118241
          20      2.7469     1.01436   0.0142048
          20     2.81154     1.00711   0.0155249
          20     2.87617    0.986399   0.0152679
          20      2.9408    0.972515   0.0162895
          20     3.00544     0.98998   0.0115655
          20     3.07007     1.01807   0.0146951
          20      3.1347     1.00668   0.0100258
          20     3.19934    0.997062   0.0157732
          20     3.26397    0.971507    0.015133
          20      3.3286    0.989153   0.0112742
          20     3.39323    0.984926   0.0174237
          20     3.45787    0.984852   0.0127414
          20      3.5225    0.971832   0.0119887
          20     3.58713    0.971148  0.00695522
          20     3.65177    0.960995   0.0111652
          20      3.7164    0.956688   0.0121751
          20     3.78103    0.962738   0.0109739
          20     3.84567     0.98787   0.0112127
          20      3.9103     0.96907  0.00849082
          20     3.97493    0.971589   0.0161268
          20     4.03957    0.964722   0.0124989
          20      4.1042     0.96578   0.0167854
          20     4.16883    0.963907   0.0116744
          20     4.23346     0.97243   0.0130993
          20      4.2981    0.976106  0.00956917
          20     4.36273    0.964007   0.0131633
          20     4.42736    0.945346   0.0134487
          20       4.492    0.964665   0.0112101
          20     4.55663     0.95954    0.010735
          20     4.62126    0.970845   0.0112447
          20      4.6859    0.954811   0.0116836
          20     4.75053    0.941279   0.0108823
          20     4.81516    0.950283   0.0131664
          20     4.87979    0.959835   0.0103608
          20     4.94443    0.962265   0.0117912
          20     5.00906    0.962817  0.00970318
          20     5.07369    0.974161   0.0101795
          20     5.13833    0.973529   0.0130121
          20     5.20296     0.97323   0.0106541
          20     5.26759    0.955495  0.00918964
          20     5.33223    0.969479  0.00855419
          20     5.39686    0.977265  0.00916282
          20     5.46149    0.967894  0.00723798
          20     5.52612    0.986405  0.00940357
          20     5.59076     0.97231  0.00809752
          20     5.65539    0.974964   0.0091374
          20     5.72002     0.98702   0.0109489
          20     5.78466    0.989076   0.0106448
          20     5.84929    0.977242  0.00733878
          20     5.91392    0.975109  0.00782574
          20     5.97856    0.968792  0.00532632
          20     6.04319    0.968086  0.00580293
          20     6.10782    0.967698  0.00571919
          20     6.17246     0.97747  0.00636647
          20     6.23709    0.972173  0.00815782
          20     6.30172    0.969362  0.00824951
          20     6.36635     0.97534  0.00761512
          20     6.43099    0.979452   0.0074775
