          20   0.0115332           0           0
          20   0.0345996           0           0
          20   0.0576661           0           0
          20   0.0807325           0           0
          20    0.103799           0           0
          20    0.126865           0           0
          20    0.149932           0           0
          20    0.172998           0           0
          20    0.196065           0           0
          20    0.219131           0           0
          20    0.242198           0           0
          20    0.265264           0           0
          20     0.28833           0           0
          20    0.311397           0           0
          20    0.334463           0           0
          20     0.35753           0           0
          20    0.380596           0           0
          20    0.403663           0           0
          20    0.426729           0           0
          20    0.449795           0           0
          20    0.472862           0           0
          20    0.495928           0           0
          20    0.518995           0           0
          20    0.542061           0           0
          20    0.565128           0           0
          20    0.588194           0           0
          20     0.61126           0           0
          20    0.634327           0           0
          20    0.657393           0           0
          20     0.68046           0           0
          20    0.703526           0           0
          20    0.726593           0           0
          20    0.749659           0           0
          20    0.772725           0           0
          20    0.795792           0           0
          20    0.818858           0           0
          20    0.841925           0           0
          20    0.864991           0           0
          20    0.888058 0.000104131 1.94402e-05
          20    0.911124  0.00322754 0.000141863
          20     0.93419   0.0457626 0.000702426
          20    0.957257    0.306718  0.00198106
          20    0.980323    0.977463  0.00366362
          20     1.00339     2.18323  0.00419932
          20     1.02646     3.54134  0.00254783
          20     1.04952     4.52124  0.00441508
          20     1.07259     4.79366  0.00545713
          20     1.09566     4.39684  0.00600101
          20     1.11872     3.58644   0.0038995
          20     1.14179     2.64542  0.00298084
          20     1.16485     1.78313  0.00261325
          20     1.18792     1.10834  0.00211794
          20     1.21099    0.644029  0.00203196
          20     1.23405    0.347055  0.00167156
          20     1.25712    0.177153   0.0017064
          20     1.28019   0.0875852  0.00106624
          20     1.30325    0.048198 0.000745344
          20     1.32632   0.0418291 0.000625953
          20     1.34939   0.0597757 0.000810927
          20     1.37245     0.10393 0.000846745
          20     1.39552    0.180802  0.00116283
          20     1.41859    0.295939 0.000951074
          20     1.44165    0.445043 0.000846422
          20     1.46472    0.617027 0.000776238
          20     1.48778     0.78424   0.0016686
          20     1.51085     0.90725  0.00160678
          20     1.53392    0.957586  0.00221283
          20     1.55698    0.916695  0.00178798
          20     1.58005    0.795429  0.00175911
          20     1.60312    0.633109 0.000882386
          20     1.62618    0.460662  0.00104171
          20     1.64925    0.312385 0.000744874
          20     1.67232    0.216387  0.00132412
          20     1.69538    0.188427  0.00149232
          20     1.71845    0.250895  0.00202449
          20     1.74152    0.426581  0.00237194
          20     1.76458    0.739072  0.00202438
          20     1.78765     1.18322  0.00204872
          20     1.81071     1.70674  0.00109264
          20     1.83378     2.20924  0.00190826
          20     1.85685     2.56471  0.00363614
          20     1.87991     2.68053  0.00410347
          20     1.90298     2.52379  0.00407883
          20     1.92605      2.1521  0.00324278
          20     1.94911     1.67197  0.00143887
          20     1.97218      1.1876  0.00117003
          20     1.99525    0.794547  0.00226921
          20     2.01831     0.53679  0.00242945
          20     2.04138    0.430009  0.00208294
          20     2.06445    0.457048  0.00200486
          20     2.08751    0.579634  0.00166099
          20     2.11058    0.748941 0.000743795
          20     2.13364    0.908734 0.000753705
          20     2.15671     1.00199  0.00180851
          20     2.17978     1.01084  0.00169144
          20     2.20284    0.911789  0.00130836
          20     2.22591    0.782709 0.000881222
          20     2.24898      0.6468  0.00114856
          20     2.27204    0.565356  0.00188748
          20     2.29511    0.566684  0.00236207