          20   0.0128248           0           0
          20   0.0384745           0           0
          20   0.0641241           0           0
          20   0.0897737           0           0
          20    0.115423           0           0
          20    0.141073           0           0
          20    0.166723           0           0
          20    0.192372           0           0
          20    0.218022           0           0
          20    0.243672           0           0
          20    0.269321           0           0
          20    0.294971           0           0
          20     0.32062           0           0
          20     0.34627           0           0
          20     0.37192           0           0
          20    0.397569           0           0
          20    0.423219           0           0
          20    0.448869           0           0
          20    0.474518           0           0
          20    0.500168           0           0
          20    0.525818           0           0
          20    0.551467           0           0
          20    0.577117           0           0
          20    0.602767           0           0
          20    0.628416           0           0
          20    0.654066           0           0
          20    0.679715           0           0
          20    0.705365           0           0
          20    0.731015           0           0
          20    0.756664           0           0
          20    0.782314           0           0
          20    0.807964           0           0
          20    0.833613           0           0
          20    0.859263 1.15529e-05  4.4745e-06
          20    0.884913  0.00143209 8.94066e-05
          20    0.910562   0.0234382 0.000371669
          20    0.936212    0.158901 0.000862413
          20    0.961861    0.543829  0.00196123
          20    0.987511     1.17071  0.00273849
          20     1.01316     1.81856  0.00320275
          20     1.03881     2.28281  0.00302248
          20     1.06446     2.49391  0.00338305
          20     1.09011     2.49425  0.00260155
          20     1.11576     2.35521  0.00277025
          20     1.14141     2.14913  0.00286451
          20     1.16706     1.93244  0.00340222
          20     1.19271     1.71816  0.00248459
          20     1.21836     1.52604  0.00255459
          20     1.24401     1.35981  0.00257118
          20     1.26966     1.21967  0.00230317
          20     1.29531      1.1023   0.0022084
          20     1.32096     1.00256  0.00191276
          20     1.34661    0.922259  0.00181281
          20     1.37226    0.857684  0.00212898
          20     1.39791     0.80298  0.00152068
          20     1.42355    0.758402  0.00193318
          20      1.4492     0.72384  0.00149053
          20     1.47485    0.697255  0.00116997
          20      1.5005    0.677985  0.00146294
          20     1.52615    0.666609  0.00104992
          20      1.5518    0.658257  0.00157057
          20     1.57745    0.658839  0.00169566
          20      1.6031    0.663882  0.00165998
          20     1.62875    0.674223  0.00147799
          20      1.6544    0.692255  0.00153876
          20     1.68005    0.713034  0.00167932
          20      1.7057    0.738034  0.00159647
          20     1.73135    0.767907  0.00166499
          20       1.757    0.804376  0.00156045
          20     1.78265    0.842778   0.0014884
          20      1.8083    0.884746  0.00168259
          20     1.83395    0.924485  0.00177263
          20      1.8596    0.965344  0.00168498
          20     1.88525     1.00819  0.00170709
          20      1.9109     1.04748  0.00129215
          20     1.93655     1.08552  0.00115146
          20      1.9622     1.11607  0.00100709
          20     1.98785     1.14614  0.00152346
          20      2.0135     1.17183  0.00150063
          20     2.03915     1.18872  0.00119607
          20      2.0648     1.19741  0.00126282
          20     2.09045     1.20014  0.00136298
          20      2.1161     1.19338   0.0015424
          20     2.14174     1.17961  0.00131713
          20     2.16739     1.15918  0.00156761
          20     2.19304     1.13438  0.00168498
          20     2.21869     1.10847  0.00154207
          20     2.24434     1.08278  0.00126402
          20     2.26999     1.05416  0.00132849
          20     2.29564     1.02569  0.00125278
          20     2.32129     1.00169   0.0013236
          20     2.34694    0.976308  0.00118519
          20     2.37259    0.955865 0.000906799
          20     2.39824    0.934629  0.00132122
          20     2.42389    0.921176 0.000937983
          20     2.44954    0.908331  0.00102259
          20     2.47519    0.900683  0.00110353
          20     2.50084    0.886188  0.00110841
          20     2.52649    0.876775  0.00129295
          20     2.55214    0.877117  0.00116129
