          20   0.0323165           0           0
          20   0.0969496           0           0
          20    0.161583           0           0
          20    0.226216           0           0
          20    0.290849           0           0
          20    0.355482           0           0
          20    0.420115           0           0
          20    0.484748           0           0
          20    0.549381           0           0
          20    0.614014           0           0
          20    0.678647           0           0
          20     0.74328           0           0
          20    0.807913           0           0
          20    0.872546 0.000990778 0.000161024
          20    0.937179    0.134131  0.00161678
          20     1.00181    0.985839  0.00397665
          20     1.06645     1.91394  0.00901004
          20     1.13108     2.13548   0.0092698
          20     1.19571     1.97334  0.00550576
          20     1.26034     1.73954  0.00699495
          20     1.32498     1.53912  0.00624979
          20     1.38961     1.39214  0.00506222
          20     1.45424     1.27206    0.002851
          20     1.51888     1.19736  0.00366711
          20     1.58351     1.13934  0.00240089
          20     1.64814     1.09951  0.00312067
          20     1.71278     1.06962  0.00298417
          20     1.77741     1.04784  0.00395064
          20     1.84204     1.03675  0.00291415
          20     1.90667     1.02792  0.00309865
          20     1.97131     1.02147   0.0025108
          20     2.03594     1.02219  0.00263358
          20     2.10057     1.02418  0.00233881
          20     2.16521     1.01844  0.00191182
          20     2.22984     1.01691  0.00256786
          20     2.29447      1.0109  0.00175748
          20     2.35911     1.00746  0.00168258
          20     2.42374     1.00678  0.00186312
          20     2.48837     0.99974  0.00149842
          20     2.55301    0.996717  0.00142692
          20     2.61764    0.992658  0.00167487
          20     2.68227    0.987591  0.00211594
          20      2.7469    0.985923  0.00162658
          20     2.81154    0.984866  0.00145781
          20     2.87617    0.983307  0.00174913
          20      2.9408    0.981568  0.00174919
          20     3.00544    0.979316  0.00141026
          20     3.07007    0.977312  0.00156303
          20      3.1347    0.978222  0.00115377
          20     3.19934    0.977634   0.0012907
          20     3.26397    0.975794  0.00134971
          20      3.3286    0.977199  0.00156886
          20     3.39323    0.974853  0.00118432
          20     3.45787    0.974811  0.00106546
          20      3.5225    0.976816  0.00100855
          20     3.58713    0.976216  0.00176668
          20     3.65177    0.972984  0.00159484
          20      3.7164    0.974745  0.00117545
          20     3.78103    0.975119  0.00113897
          20     3.84567    0.973786  0.00108349
          20      3.9103    0.973592 0.000826077
          20     3.97493    0.973492   0.0010055
          20     4.03957    0.972997  0.00128017
          20      4.1042    0.973797  0.00128542
          20     4.16883    0.971776  0.00152525
          20     4.23346    0.972851 0.000987505
          20      4.2981    0.972124 0.000936594
          20     4.36273    0.974133   0.0008826
          20     4.42736    0.972796  0.00115151
          20       4.492    0.973612 0.000871317
          20     4.55663    0.974854   0.0011699
          20     4.62126    0.973316 0.000964128
          20      4.6859    0.974388 0.000899146
          20     4.75053    0.974534   0.0012679
          20     4.81516    0.974266 0.000789109
          20     4.87979    0.973146 0.000875815
          20     4.94443    0.973278 0.000815179
          20     5.00906    0.973024 0.000700588
          20     5.07369     0.97255 0.000682642
          20     5.13833    0.974076 0.000792727
          20     5.20296    0.973148 0.000677255
          20     5.26759    0.976328 0.000736903
          20     5.33223    0.975603 0.000513777
          20     5.39686    0.973777 0.000726397
          20     5.46149    0.973995 0.000981903
          20     5.52612    0.974859 0.000884765
          20     5.59076    0.974973 0.000742926
          20     5.65539    0.974994 0.000835346
          20     5.72002    0.975972 0.000717013
          20     5.78466    0.977155 0.000844329
          20     5.84929    0.975824 0.000815634
          20     5.91392    0.973429 0.000583915
          20     5.97856    0.976162 0.000466596
          20     6.04319    0.974393 0.000565263
          20     6.10782    0.975851 0.000745308
          20     6.17246    0.975698 0.000667812
          20     6.23709    0.975365 0.000702761
          20     6.30172    0.976037 0.000798289
          20     6.36635    0.975679  0.00068878
          20     6.43099    0.975665 0.000698188
