          10   0.0115332           0           0
          10   0.0345996           0           0
          10   0.0576661           0           0
          10   0.0807325           0           0
          10    0.103799           0           0
          10    0.126865           0           0
          10    0.149932           0           0
          10    0.172998           0           0
          10    0.196065           0           0
          10    0.219131           0           0
          10    0.242198           0           0
          10    0.265264           0           0
          10     0.28833           0           0
          10    0.311397           0           0
          10    0.334463           0           0
          10     0.35753           0           0
          10    0.380596           0           0
          10    0.403663           0           0
          10    0.426729           0           0
          10    0.449795           0           0
          10    0.472862           0           0
          10    0.495928           0           0
          10    0.518995           0           0
          10    0.542061           0           0
          10    0.565128           0           0
          10    0.588194           0           0
          10     0.61126           0           0
          10    0.634327           0           0
          10    0.657393           0           0
          10     0.68046           0           0
          10    0.703526           0           0
          10    0.726593           0           0
          10    0.749659           0           0
          10    0.772725           0           0
          10    0.795792           0           0
          10    0.818858           0           0
          10    0.841925           0           0
          10    0.864991           0           0
          10    0.888058  0.00024707 0.000122896
          10    0.911124  0.00301986 0.000509181
          10     0.93419   0.0493699  0.00242893
          10    0.957257    0.311953   0.0037594
          10    0.980323     1.00686  0.00787331
          10     1.00339     2.18925   0.0195208
          10     1.02646     3.55476   0.0125861
          10     1.04952     4.50259   0.0208402
          10     1.07259     4.72447   0.0261457
          10     1.09566     4.36082    0.022866
          10     1.11872     3.59548   0.0186026
          10     1.14179     2.64732   0.0128801
          10     1.16485     1.77384   0.0144256
          10     1.18792     1.11437   0.0126286
          10     1.21099    0.660558   0.0108912
          10     1.23405    0.356704  0.00531023
          10     1.25712    0.184015  0.00431644
          10     1.28019   0.0892288   0.0035446
          10     1.30325   0.0512042  0.00234935
          10     1.32632   0.0402913  0.00300194
          10     1.34939   0.0611465  0.00278534
          10     1.37245    0.111291  0.00482319
          10     1.39552    0.186131  0.00604671
          10     1.41859    0.308253  0.00560592
          10     1.44165    0.457645  0.00630832
          10     1.46472    0.623132  0.00651197
          10     1.48778    0.775348  0.00901935
          10     1.51085    0.895111   0.0115629
          10     1.53392    0.937353   0.0094028
          10     1.55698    0.897897  0.00909925
          10     1.58005    0.787518   0.0109816
          10     1.60312    0.632861  0.00660078
          10     1.62618    0.471383  0.00413218
          10     1.64925    0.318534  0.00675858
          10     1.67232    0.227572  0.00621996
          10     1.69538    0.194341  0.00575171
          10     1.71845    0.251739  0.00705329
          10     1.74152    0.431026  0.00799417
          10     1.76458    0.737847  0.00859035
          10     1.78765     1.17576  0.00854713
          10     1.81071      1.7101  0.00759586
          10     1.83378     2.20333   0.0153233
          10     1.85685     2.54918    0.012507
          10     1.87991     2.67612   0.0158765
          10     1.90298     2.53568   0.0137959
          10     1.92605     2.15309    0.010624
          10     1.94911     1.67872  0.00754196
          10     1.97218      1.1913  0.00853409
          10     1.99525    0.796496  0.00727865
          10     2.01831    0.536911  0.00820121
          10     2.04138    0.429145  0.00896196
          10     2.06445    0.457931  0.00757931
          10     2.08751    0.585404  0.00386047
          10     2.11058    0.754461  0.00370025
          10     2.13364    0.906059  0.00469164
          10     2.15671    0.996234  0.00722873
          10     2.17978    0.989509  0.00382816
          10     2.20284    0.903178  0.00615876
          10     2.22591    0.787648  0.00288163
          10     2.24898    0.656768  0.00639475
          10     2.27204    0.572969    0.010116
          10     2.29511    0.570959   0.0101327