           1   -0.409821   -0.409821           0
           2    -0.41391   -0.411866  0.00144595
           3   -0.418359    -0.41403  0.00201308
           4    -0.41519    -0.41432  0.00153056
           5    -0.41319   -0.414094  0.00124102
           6   -0.412138   -0.413768  0.00107615
           7    -0.41676   -0.414196  0.00100374
           8   -0.410719   -0.413761 0.000967785
           9    -0.41333   -0.413713 0.000861438
          10   -0.415638   -0.413906 0.000796511
          11   -0.415298   -0.414032 0.000734089
          12   -0.421038   -0.414616 0.000874807
          13   -0.409946   -0.414257 0.000878166
          14   -0.412631   -0.414141 0.000823086
          15   -0.417328   -0.414353 0.000795168
          16   -0.416329   -0.414477 0.000755003
          17   -0.415953   -0.414564 0.000715571
          18   -0.415852   -0.414635  0.00067939
          19   -0.411498    -0.41447 0.000663397
          20   -0.418001   -0.414647 0.000653299
