           1     1.35083     1.35083           0
           2     1.40481     1.37782   0.0190847
           3     1.43256     1.39607   0.0195928
           4     1.42356     1.40294   0.0158549
           5     1.41665     1.40568    0.012919
           6     1.37314     1.40026     0.01185
           7      1.4032     1.40068   0.0101646
           8     1.42741     1.40402  0.00942734
           9     1.33288     1.39612   0.0112146
          10     1.43897      1.4004   0.0108811
          11     1.40888     1.40117  0.00991922
          12     1.41448     1.40228  0.00915442
          13     1.46703     1.40726  0.00971111
          14     1.35684     1.40366  0.00966232
          15     1.38933     1.40271  0.00906527
          16     1.47464      1.4072  0.00954879
          17     1.37976     1.40559  0.00912252
          18     1.41841      1.4063   0.0086435
          19      1.3613     1.40393  0.00850684
          20      1.3434      1.4009  0.00860304
