           1   0.0497934   0.0497934           0
           2   0.0492373   0.0495154 0.000196619
           3   0.0488486   0.0492931 0.000223871
           4   0.0489197   0.0491998  0.00018635
           5   0.0489028   0.0491404 0.000158263
           6    0.049076   0.0491296 0.000132249
           7   0.0489897   0.0491096 0.000114857
           8   0.0488121   0.0490725  0.00010635
           9   0.0492241   0.0490893 9.58578e-05
          10   0.0488662    0.049067 8.88313e-05
          11   0.0487207   0.0490355 8.61543e-05
          12   0.0491848   0.0490479 7.98684e-05
          13    0.049009   0.0490449 7.37808e-05
          14    0.048802   0.0490276 7.05214e-05
          15   0.0492442    0.049042 6.72821e-05
          16   0.0486227   0.0490158 6.79894e-05
          17   0.0491285   0.0490225  6.4312e-05
          18   0.0492856   0.0490371 6.23786e-05
          19   0.0493814   0.0490552  6.1672e-05
          20    0.048955   0.0490502 5.87916e-05
