           1     7.59555     7.59555           0
           2     7.62323     7.60939  0.00978411
           3     7.54706     7.58861    0.018176
           4     7.59701     7.59071   0.0137527
           5     7.62646     7.59786   0.0127256
           6     7.57929     7.59477   0.0109745
           7     7.55317     7.58882   0.0108973
           8     7.53417     7.58199   0.0114784
           9     7.61666     7.58584     0.01083
          10      7.5957     7.58683  0.00979168
          11     7.57901     7.58612  0.00892732
          12     7.60136     7.58739  0.00827327
          13     7.60269     7.58857  0.00772013
          14     7.59233     7.58883  0.00717338
          15     7.61118     7.59032  0.00684802
          16     7.53797     7.58705  0.00715923
          17      7.5199      7.5831  0.00775157
          18     7.57566     7.58269  0.00733194
          19     7.56425     7.58172  0.00700998
          20     7.64379     7.58482  0.00731433
