           1    -7.54671    -7.54671           0
           2    -7.54078    -7.54374  0.00209639
           3    -7.55486    -7.54745  0.00333351
           4    -7.54621    -7.54714  0.00251441
           5    -7.53974    -7.54566  0.00240774
           6    -7.54844    -7.54612  0.00205065
           7     -7.5541    -7.54726  0.00204966
           8    -7.55749    -7.54854   0.0021557
           9     -7.5425    -7.54787  0.00201782
          10    -7.54588    -7.54767  0.00182582
          11    -7.54923    -7.54781  0.00166534
          12    -7.54499    -7.54758  0.00154312
          13    -7.54591    -7.54745  0.00142974
          14    -7.54646    -7.54738  0.00132937
          15    -7.54303    -7.54709  0.00127197
          16    -7.55733    -7.54773  0.00134398
          17       -7.56    -7.54845  0.00144589
          18    -7.55018    -7.54855  0.00136874
          19    -7.55237    -7.54875  0.00131144
          20     -7.5376    -7.54819  0.00135915
