           1    -5.47173    -5.47173           0
           2    -5.46618    -5.46895  0.00196258
           3    -5.45816    -5.46536  0.00321417
           4    -5.46419    -5.46506  0.00242382
           5    -5.46393    -5.46484  0.00194961
           6    -5.46908    -5.46554  0.00174794
           7    -5.46104     -5.4649  0.00161212
           8    -5.45575    -5.46376  0.00177051
           9    -5.48108    -5.46568  0.00240217
          10    -5.45023    -5.46414  0.00261216
          11    -5.46525    -5.46424  0.00237664
          12    -5.46442    -5.46425  0.00217864
          13    -5.45347    -5.46342  0.00216321
          14    -5.46995    -5.46389  0.00205832
          15    -5.46704     -5.4641   0.0019318
          16    -5.45428    -5.46349  0.00190612
          17    -5.46415    -5.46352   0.0017944
          18    -5.46232    -5.46346  0.00169596
          19    -5.47065    -5.46384  0.00164839
          20    -5.48159    -5.46472  0.00178902
